#
# A fatal error has been detected by the Java Runtime Environment:
#
#  EXCEPTION_ACCESS_VIOLATION (0xc0000005) at pc=0x00007ffaf90001ae, pid=7308, tid=3424
#
# JRE version:  (24.0.1+9) (build )
# Java VM: Java HotSpot(TM) 64-Bit Server VM (24.0.1+9-30, mixed mode, sharing, tiered, compressed oops, compressed class ptrs, g1 gc, windows-amd64)
# Problematic frame:
# V  [jvm.dll+0x3401ae]
#
# No core dump will be written. Minidumps are not enabled by default on client versions of Windows
#
#

---------------  S U M M A R Y ------------

Command Line: -Xmx64m -Xms64m -Dorg.gradle.appname=gradlew org.gradle.wrapper.GradleWrapperMain app:assembleDebug -x lint -x test --configure-on-demand --build-cache -PreactNativeDevServerPort=8081 -PreactNativeArchitectures=x86_64,arm64-v8a

Host: Intel(R) Core(TM) i3-9100 CPU @ 3.60GHz, 4 cores, 7G,  Windows 11 , 64 bit Build 26100 (10.0.26100.1620)
Time: Wed Jul  9 21:03:02 2025 Bangladesh Standard Time elapsed time: 0.072758 seconds (0d 0h 0m 0s)

---------------  T H R E A D  ---------------

Current thread (0x000001e7c5e39290):  JavaThread "Unknown thread" [_thread_in_vm, id=3424, stack(0x0000003ed8b00000,0x0000003ed8c00000) (1024K)]

Stack: [0x0000003ed8b00000,0x0000003ed8c00000],  sp=0x0000003ed8bfec80,  free space=1019k
Native frames: (J=compiled Java code, j=interpreted, Vv=VM code, C=native code)
V  [jvm.dll+0x3401ae]  (no source info available)
V  [jvm.dll+0x340d68]  (no source info available)
V  [jvm.dll+0x6d3fc3]  (no source info available)
V  [jvm.dll+0x6d4268]  (no source info available)
V  [jvm.dll+0x6d3381]  (no source info available)
V  [jvm.dll+0x6ce3d7]  (no source info available)
V  [jvm.dll+0x89d2d6]  (no source info available)
V  [jvm.dll+0x3f985d]  (no source info available)
V  [jvm.dll+0x8858e6]  (no source info available)
V  [jvm.dll+0x495f3e]  (no source info available)
V  [jvm.dll+0x497d11]  (no source info available)
C  [jli.dll+0x52a1]  (no source info available)
C  [ucrtbase.dll+0x14ea0]  (no source info available)
C  [KERNEL32.DLL+0x2dbe7]  (no source info available)
C  [ntdll.dll+0x85a4c]  (no source info available)


siginfo: EXCEPTION_ACCESS_VIOLATION (0xc0000005), reading address 0x0000000000000000


Registers:
RAX=0x0000dd4fb500f501, RBX=0x000001e7c60c81e0, RCX=0x0000000000000000, RDX=0x0000000000000001
RSP=0x0000003ed8bfec80, RBP=0x0000000000000001, RSI=0x000001e78042d988, RDI=0x0000000000000000
R8 =0x0000000000000001, R9 =0x0000000000000001, R10=0x00007ffaf96bb298, R11=0x0000003ed8bfecf8
R12=0x0000000000000009, R13=0x0000000000000001, R14=0x0000000000000001, R15=0x0000000000000000
RIP=0x00007ffaf90001ae, EFLAGS=0x0000000000010246

XMM[0]=0x0000000000000000 0x0000000000000000
XMM[1]=0x0000000000000000 0x0000000000000000
XMM[2]=0x0000000000000000 0x0000000000000000
XMM[3]=0x0000000000000000 0x0000000000000000
XMM[4]=0x0000000000000000 0x0000000000000000
XMM[5]=0x0000000000000000 0x0000000000000000
XMM[6]=0x0000000000000000 0x0000000000000000
XMM[7]=0x0000000000000000 0x0000000000000000
XMM[8]=0x0000000000000000 0x0000000000000000
XMM[9]=0x0000000000000000 0x0000000000000000
XMM[10]=0x0000000000000000 0x0000000000000000
XMM[11]=0x0000000000000000 0x0000000000000000
XMM[12]=0x0000000000000000 0x0000000000000000
XMM[13]=0x0000000000000000 0x0000000000000000
XMM[14]=0x0000000000000000 0x0000000000000000
XMM[15]=0x0000000000000000 0x0000000000000000
  MXCSR=0x00001fa0


Top of Stack: (sp=0x0000003ed8bfec80)
0x0000003ed8bfec80:   000001e7c60c81e0 00007ffaf8ffbf09   ................
0x0000003ed8bfec90:   000001e7c60c81e0 000001df80000000   ................
0x0000003ed8bfeca0:   000001e7804a0000 000001e780d40000   ..J.............
0x0000003ed8bfecb0:   0000003ed8bfecc0 0000000000000000   ....>...........
0x0000003ed8bfecc0:   000001e780000000 0000000001000000   ................
0x0000003ed8bfecd0:   0000dd4fb500f53c 0000000000010000   <...O...........
0x0000003ed8bfece0:   0000000000000001 0000000000000000   ................
0x0000003ed8bfecf0:   0000000000000000 00007ffaf9000d68   ........h.......
0x0000003ed8bfed00:   000001e780000000 000001e7c60c81e0   ................
0x0000003ed8bfed10:   0000000000000000 0000000000000009   ................
0x0000003ed8bfed20:   000001e780000000 000001e780000000   ................
0x0000003ed8bfed30:   0000000000000000 00007ffaf9393fc3   .........?9.....
0x0000003ed8bfed40:   000001e7c60c81e0 000001e7c60c81e0   ................
0x0000003ed8bfed50:   0000003ed8bfeee0 000001e780000000   ....>...........
0x0000003ed8bfed60:   0000003ed8bfed90 000001e781000000   ....>...........
0x0000003ed8bfed70:   0000000040000000 0000000000000000   ...@............
0x0000003ed8bfed80:   0000000001000000 0000000000001000   ................
0x0000003ed8bfed90:   000001e780000000 0000000001000000   ................
0x0000003ed8bfeda0:   0000000000000000 0000000000010000   ................
0x0000003ed8bfedb0:   0000000000001000 ffffffff97238e00   ..........#.....
0x0000003ed8bfedc0:   0000000000eb0000 000001e7c60c81e0   ................
0x0000003ed8bfedd0:   0000000000000000 00007ffaf9394268   ........hB9.....
0x0000003ed8bfede0:   0000000000000000 000001e7c60c81e0   ................
0x0000003ed8bfedf0:   0000000000000000 0000000000000000   ................
0x0000003ed8bfee00:   0000003ed8bfee10 0000003ed8bfee48   ....>...H...>...
0x0000003ed8bfee10:   000001e780000000 0000000001000000   ................
0x0000003ed8bfee20:   0000000000000000 0000000000010000   ................
0x0000003ed8bfee30:   0000000000001000 ffffffff97238e00   ..........#.....
0x0000003ed8bfee40:   0000000000eb0000 000001e781000000   ................
0x0000003ed8bfee50:   0000000040000000 0000000000000000   ...@............
0x0000003ed8bfee60:   0000000001000000 0000000000001000   ................
0x0000003ed8bfee70:   ffffffff97238e00 0000000000eb0000   ..#.............

Instructions: (pc=0x00007ffaf90001ae)
  0x00007ffaf90000ae:   f6 b9 6b 00 48 8d 15 f7 b9 6b 00 4c 8b c2 48 8d
  0x00007ffaf90000be:   0d bd b1 6f 00 4c 0f 45 c0 80 bb 95 01 00 00 00
  0x00007ffaf90000ce:   48 0f 45 d0 e8 49 9b d8 ff 32 c0 48 83 c4 20 5b
  0x00007ffaf90000de:   c3 80 bb f9 02 00 00 00 75 1d e8 53 9c eb ff 48
  0x00007ffaf90000ee:   8b 05 fc 75 94 00 48 85 c0 74 0c 48 8d 0d 20 b2
  0x00007ffaf90000fe:   6f 00 e8 2b 36 d8 ff 81 3b a2 ab 0b f0 75 31 80
  0x00007ffaf900010e:   bb fb 02 00 00 00 75 0c 48 8d 0d 6b b2 6f 00 e8
  0x00007ffaf900011e:   de 9b eb ff 80 bb fc 02 00 00 00 b9 01 00 00 00
  0x00007ffaf900012e:   0f b6 05 0e 93 94 00 0f 45 c1 88 05 05 93 94 00
  0x00007ffaf900013e:   b0 01 48 83 c4 20 5b c3 48 8b 05 ab 75 94 00 48
  0x00007ffaf900014e:   85 c0 74 0c 48 8d 0d 87 b0 6f 00 e8 c2 9a d8 ff
  0x00007ffaf900015e:   32 c0 48 83 c4 20 5b c3 cc cc cc cc cc cc cc cc
  0x00007ffaf900016e:   cc cc 4c 8b dc 57 48 83 ec 70 48 8b 05 e9 8d 91
  0x00007ffaf900017e:   00 48 33 c4 48 89 44 24 50 49 89 5b 10 49 89 6b
  0x00007ffaf900018e:   18 0f b6 ea 49 89 73 f0 48 8b f1 e8 b2 9a eb ff
  0x00007ffaf900019e:   84 c0 74 17 80 3e 00 75 12 48 8b 0d 72 c0 94 00
=>0x00007ffaf90001ae:   48 8b 01 ff 50 20 48 8b d8 eb 08 48 8b 5e 18 48
  0x00007ffaf90001be:   83 c3 04 48 8b 05 18 c1 94 00 40 b7 01 48 85 c0
  0x00007ffaf90001ce:   74 0f 48 8b d3 48 8d 0d 56 90 6f 00 e8 21 17 f0
  0x00007ffaf90001de:   ff 48 8d 54 24 20 48 8b cb e8 b4 e9 3e 00 85 c0
  0x00007ffaf90001ee:   74 28 40 84 ed 74 23 48 8b 05 fc 74 94 00 48 85
  0x00007ffaf90001fe:   c0 74 47 48 8b d3 48 8d 0d 4d 90 6f 00 e8 10 9a
  0x00007ffaf900020e:   d8 ff 40 32 ff e9 31 01 00 00 80 3e 02 75 33 48
  0x00007ffaf900021e:   8b cb e8 fb 81 3e 00 84 c0 0f 85 1c 01 00 00 48
  0x00007ffaf900022e:   8b 05 c4 74 94 00 48 85 c0 74 0f 48 8b d3 48 8d
  0x00007ffaf900023e:   0d 45 90 6f 00 e8 d8 99 d8 ff 40 32 ff e9 f9 00
  0x00007ffaf900024e:   00 00 48 8b 46 08 48 63 6c 24 34 4c 89 74 24 60
  0x00007ffaf900025e:   4c 8b 76 10 48 85 c0 74 0d 48 3b 44 24 40 74 06
  0x00007ffaf900026e:   40 0f b6 f7 eb 0c 40 32 f6 4c 3b f5 0f 84 c4 00
  0x00007ffaf900027e:   00 00 48 8b 05 71 74 94 00 40 32 ff 40 38 3d d2
  0x00007ffaf900028e:   71 95 00 74 28 48 85 c0 0f 84 a8 00 00 00 40 84
  0x00007ffaf900029e:   f6 48 8d 05 02 90 6f 00 48 8d 0d 13 90 6f 00 48


Lock stack of current Java thread (top to bottom):


---------------  P R O C E S S  ---------------

Threads class SMR info:
_java_thread_list=0x00007ffaf98ff318, length=0, elements={
}

Java Threads: ( => current thread )
Total: 0

Other Threads:
  0x000001e7c6076070 WorkerThread "GC Thread#0"                     [id=14676, stack(0x0000003ed8c00000,0x0000003ed8d00000) (1024K)]
  0x000001e7c60779d0 ConcurrentGCThread "G1 Main Marker"            [id=14912, stack(0x0000003ed8d00000,0x0000003ed8e00000) (1024K)]
  0x000001e7c6078c00 WorkerThread "G1 Conc#0"                       [id=6436, stack(0x0000003ed8e00000,0x0000003ed8f00000) (1024K)]
  0x000001e7c60cafa0 ConcurrentGCThread "G1 Refine#0"               [id=6460, stack(0x0000003ed8f00000,0x0000003ed9000000) (1024K)]
  0x000001e7c60cba30 ConcurrentGCThread "G1 Service"                [id=14048, stack(0x0000003ed9000000,0x0000003ed9100000) (1024K)]

=>0x000001e7c5e39290 (exited) JavaThread "Unknown thread"    [_thread_in_vm, id=3424, stack(0x0000003ed8b00000,0x0000003ed8c00000) (1024K)]
Total: 6

Threads with active compile tasks:
Total: 0

VM state: not at safepoint (not fully initialized)

VM Mutex/Monitor currently owned by a thread: None

Heap address: 0x00000000fc000000, size: 64 MB, Compressed Oops mode: 32-bit

CDS archive(s) mapped at: [0x0000000000000000-0x0000000000000000-0x0000000000000000), size 0, SharedBaseAddress: 0x0000000800000000, ArchiveRelocationMode: 1.
UseCompressedClassPointers 1, UseCompactObjectHeaders 0
Narrow klass pointer bits 32, Max shift 3
Narrow klass base: 0xffffffffffffffff, Narrow klass shift: -1
Encoding Range: [0xffffffffffffffff - 0x000000007fffffff), (2147483648 bytes)
Klass Range:    [0x0000000000000000 - 0x0000000000000000), (0 bytes)
Klass ID Range:  [4294967295 - 0) (1)

GC Precious Log:
 CardTable entry size: 512
 Card Set container configuration: InlinePtr #cards 5 size 8 Array Of Cards #cards 10 size 36 Howl #buckets 4 coarsen threshold 1843 Howl Bitmap #cards 512 size 80 coarsen threshold 460 Card regions per heap region 1 cards per card region 2048
 CPUs: 4 total, 4 available
 Memory: 8016M
 Large Page Support: Disabled
 NUMA Support: Disabled
 Compressed Oops: Enabled (32-bit)
 Heap Region Size: 1M
 Heap Min Capacity: 64M
 Heap Initial Capacity: 64M
 Heap Max Capacity: 64M
 Pre-touch: Disabled
 Parallel Workers: 4
 Concurrent Workers: 1
 Concurrent Refinement Workers: 4
 Periodic GC: Disabled

Heap:
 garbage-first heap   total reserved 65536K, committed 65536K, used 0K [0x00000000fc000000, 0x0000000100000000)
  region size 1024K, 0 young (0K), 0 survivors (0K)

[error occurred during error reporting (printing heap information), id 0xc0000005, EXCEPTION_ACCESS_VIOLATION (0xc0000005) at pc=0x00007ffaf944e3e9]
GC Heap History (0 events):
No events

Dll operation events (1 events):
Event: 0.024 Loaded shared library C:\Program Files\Java\jdk-24\bin\java.dll

Deoptimization events (0 events):
No events

Classes loaded (0 events):
No events

Classes unloaded (0 events):
No events

Classes redefined (0 events):
No events

Internal exceptions (0 events):
No events

VM Operations (0 events):
No events

Memory protections (0 events):
No events

Nmethod flushes (0 events):
No events

Events (0 events):
No events


Dynamic libraries:
0x00007ff6012e0000 - 0x00007ff6012f0000 	C:\Program Files\Java\jdk-24\bin\java.exe
0x00007ffb99940000 - 0x00007ffb99ba3000 	C:\WINDOWS\SYSTEM32\ntdll.dll
0x00007ffb98b70000 - 0x00007ffb98c37000 	C:\WINDOWS\System32\KERNEL32.DLL
0x00007ffb96d40000 - 0x00007ffb970f1000 	C:\WINDOWS\System32\KERNELBASE.dll
0x00007ffb97100000 - 0x00007ffb9724b000 	C:\WINDOWS\System32\ucrtbase.dll
0x00007ffaf9b20000 - 0x00007ffaf9b36000 	C:\Program Files\Java\jdk-24\bin\jli.dll
0x00007ffb994b0000 - 0x00007ffb99673000 	C:\WINDOWS\System32\USER32.dll
0x00007ffb97450000 - 0x00007ffb97477000 	C:\WINDOWS\System32\win32u.dll
0x00007ffb989c0000 - 0x00007ffb989ea000 	C:\WINDOWS\System32\GDI32.dll
0x00007ffb97480000 - 0x00007ffb975a5000 	C:\WINDOWS\System32\gdi32full.dll
0x00007ffb975b0000 - 0x00007ffb97653000 	C:\WINDOWS\System32\msvcp_win.dll
0x00007ffaf9b00000 - 0x00007ffaf9b1b000 	C:\Program Files\Java\jdk-24\bin\VCRUNTIME140.dll
0x00007ffb82800000 - 0x00007ffb82a90000 	C:\WINDOWS\WinSxS\amd64_microsoft.windows.common-controls_6595b64144ccf1df_6.0.26100.1642_none_3e0a93bae3326442\COMCTL32.dll
0x00007ffb99680000 - 0x00007ffb99729000 	C:\WINDOWS\System32\msvcrt.dll
0x00007ffb98c40000 - 0x00007ffb98c6f000 	C:\WINDOWS\System32\IMM32.DLL
0x00007ffb1f3c0000 - 0x00007ffb1f3cc000 	C:\Program Files\Java\jdk-24\bin\vcruntime140_1.dll
0x00007ffaf9a70000 - 0x00007ffaf9afe000 	C:\Program Files\Java\jdk-24\bin\msvcp140.dll
0x00007ffaf8cc0000 - 0x00007ffaf9a62000 	C:\Program Files\Java\jdk-24\bin\server\jvm.dll
0x00007ffb98d00000 - 0x00007ffb98db2000 	C:\WINDOWS\System32\ADVAPI32.dll
0x00007ffb99220000 - 0x00007ffb992c6000 	C:\WINDOWS\System32\sechost.dll
0x00007ffb99790000 - 0x00007ffb998a6000 	C:\WINDOWS\System32\RPCRT4.dll
0x00007ffb98c80000 - 0x00007ffb98cf4000 	C:\WINDOWS\System32\WS2_32.dll
0x00007ffb96be0000 - 0x00007ffb96c2e000 	C:\WINDOWS\SYSTEM32\POWRPROF.dll
0x00007ffb872e0000 - 0x00007ffb87316000 	C:\WINDOWS\SYSTEM32\WINMM.dll
0x00007ffb8dcd0000 - 0x00007ffb8dcdb000 	C:\WINDOWS\SYSTEM32\VERSION.dll
0x00007ffb96b10000 - 0x00007ffb96b24000 	C:\WINDOWS\SYSTEM32\UMPDC.dll
0x00007ffb95b60000 - 0x00007ffb95b7a000 	C:\WINDOWS\SYSTEM32\kernel.appcore.dll
0x00007ffb1f150000 - 0x00007ffb1f15a000 	C:\Program Files\Java\jdk-24\bin\jimage.dll
0x00007ffb62250000 - 0x00007ffb62491000 	C:\WINDOWS\SYSTEM32\DBGHELP.DLL
0x00007ffb98dc0000 - 0x00007ffb9913c000 	C:\WINDOWS\System32\combase.dll
0x00007ffb986f0000 - 0x00007ffb987c6000 	C:\WINDOWS\System32\OLEAUT32.dll
0x00007ffb84890000 - 0x00007ffb848c9000 	C:\WINDOWS\SYSTEM32\dbgcore.DLL
0x00007ffb97720000 - 0x00007ffb977b9000 	C:\WINDOWS\System32\bcryptPrimitives.dll
0x00007ffaf8c80000 - 0x00007ffaf8c9e000 	C:\Program Files\Java\jdk-24\bin\java.dll
0x00007ffb979c0000 - 0x00007ffb97b59000 	C:\WINDOWS\System32\ole32.dll
0x00007ffb97ff0000 - 0x00007ffb986e8000 	C:\WINDOWS\System32\SHELL32.dll

JVMTI agents: none

dbghelp: loaded successfully - version: 4.0.5 - missing functions: none
symbol engine: initialized successfully - sym options: 0x614 - pdb path: .;C:\Program Files\Java\jdk-24\bin;C:\WINDOWS\SYSTEM32;C:\WINDOWS\WinSxS\amd64_microsoft.windows.common-controls_6595b64144ccf1df_6.0.26100.1642_none_3e0a93bae3326442;C:\Program Files\Java\jdk-24\bin\server

VM Arguments:
jvm_args: -Xmx64m -Xms64m -Dorg.gradle.appname=gradlew 
java_command: org.gradle.wrapper.GradleWrapperMain app:assembleDebug -x lint -x test --configure-on-demand --build-cache -PreactNativeDevServerPort=8081 -PreactNativeArchitectures=x86_64,arm64-v8a
java_class_path (initial): C:\Users\DELL\Downloads\project-bolt-sb1-fg8pdyk6\project\android\\gradle\wrapper\gradle-wrapper.jar
Launcher Type: SUN_STANDARD

[Global flags]
     intx CICompilerCount                          = 3                                         {product} {ergonomic}
     uint ConcGCThreads                            = 1                                         {product} {ergonomic}
     uint G1ConcRefinementThreads                  = 4                                         {product} {ergonomic}
   size_t G1HeapRegionSize                         = 1048576                                   {product} {ergonomic}
   size_t InitialHeapSize                          = 67108864                                  {product} {command line}
   size_t MarkStackSize                            = 4194304                                   {product} {ergonomic}
   size_t MarkStackSizeMax                         = 536870912                                 {product} {ergonomic}
   size_t MaxHeapSize                              = 67108864                                  {product} {command line}
   size_t MaxNewSize                               = 39845888                                  {product} {ergonomic}
   size_t MinHeapDeltaBytes                        = 1048576                                   {product} {ergonomic}
   size_t MinHeapSize                              = 67108864                                  {product} {command line}
    uintx NonNMethodCodeHeapSize                   = 5832704                                {pd product} {ergonomic}
    uintx NonProfiledCodeHeapSize                  = 122945536                              {pd product} {ergonomic}
    uintx ProfiledCodeHeapSize                     = 122880000                              {pd product} {ergonomic}
    uintx ReservedCodeCacheSize                    = 251658240                              {pd product} {ergonomic}
     bool SegmentedCodeCache                       = true                                      {product} {ergonomic}
   size_t SoftMaxHeapSize                          = 67108864                               {manageable} {ergonomic}
     bool UseCompressedOops                        = true                           {product lp64_product} {ergonomic}
     bool UseG1GC                                  = true                                      {product} {ergonomic}
     bool UseLargePagesIndividualAllocation        = false                                  {pd product} {ergonomic}

Logging:
Log output configuration:
 #0: stdout all=warning uptime,level,tags foldmultilines=false
 #1: stderr all=off uptime,level,tags foldmultilines=false

Environment Variables:
JAVA_HOME=C:\Program Files\Java\jdk-24
CLASSPATH=C:\Users\DELL\Downloads\project-bolt-sb1-fg8pdyk6\project\android\\gradle\wrapper\gradle-wrapper.jar
PATH=C:\Users\DELL\Downloads\project-bolt-sb1-fg8pdyk6\project\node_modules\.bin;C:\Users\DELL\Downloads\project-bolt-sb1-fg8pdyk6\project\node_modules\.bin;C:\Users\DELL\Downloads\project-bolt-sb1-fg8pdyk6\node_modules\.bin;C:\Users\DELL\Downloads\node_modules\.bin;C:\Users\DELL\node_modules\.bin;C:\Users\node_modules\.bin;C:\node_modules\.bin;C:\Program Files\nodejs\node_modules\npm\node_modules\@npmcli\run-script\lib\node-gyp-bin;c:\Users\DELL\AppData\Local\Programs\cursor\resources\app\bin;C:\Users\DELL\AppData\Local\Halalz\Kahf-Browser\Application;C:\Program Files\Common Files\Oracle\Java\javapath;C:\Program Files (x86)\Intel\Intel(R) Management Engine Components\iCLS\;C:\Program Files\Intel\Intel(R) Management Engine Components\iCLS\;C:\WINDOWS\system32;C:\WINDOWS;C:\WINDOWS\System32\Wbem;C:\WINDOWS\System32\WindowsPowerShell\v1.0\;C:\WINDOWS\System32\OpenSSH\;C:\Program Files (x86)\Intel\Intel(R) Management Engine Components\DAL;C:\Program Files\Intel\Intel(R) Management Engine Components\DAL;C:\Program Files\dotnet\;C:\Program Files (x86)\dotnet\;C:\Program Files\Dart\dart-sdk\bin;C:\MinGW\bin;C:\Program Files\Java\jdk-24;C:\Users\DELL\AppData\Local\Android\Sdk\platform-tools;C:\Users\DELL\AppData\Local\Android\Sdk\tools;C:\Users\DELL\AppData\Local\Android\Sdk\emulator;C:\Users\DELL\AppData\Local\Android\Sdk\cmdline-tools\latest\bin;C:\Program Files\Git\cmd;I:\Flutter\bin;C:\Program Files\nodejs\;C:\Users\DELL\AppData\Local\Micro;C:\Program Files\Java\jdk-24\bin;C:\Users\DELL\AppData\Local\Microsoft\WindowsApps;C:\flutter\bin\cache\dart-sdk\bin;C:\Program Files\Java\jdk-22.0.1\bin;C:\flutter\bin;C:\Users\DELL\AppData\Local\Programs\Microsoft VS Code\bin;C:\Users\DELL\AppData\Roaming\npm;C:\Users\DELL\AppData\Local\Programs\cursor\resources\app\bin
USERNAME=DELL
LANG=en_US.UTF-8
OS=Windows_NT
PROCESSOR_IDENTIFIER=Intel64 Family 6 Model 158 Stepping 11, GenuineIntel
TMP=C:\Users\DELL\AppData\Local\Temp
TEMP=C:\Users\DELL\AppData\Local\Temp




Periodic native trim disabled

---------------  S Y S T E M  ---------------

OS:
 Windows 11 , 64 bit Build 26100 (10.0.26100.1620)
OS uptime: 0 days 0:02 hours
Hyper-V role detected

CPU: total 4 (initial active 4) (4 cores per cpu, 1 threads per core) family 6 model 158 stepping 11 microcode 0xec, cx8, cmov, fxsr, mmx, 3dnowpref, sse, sse2, sse3, ssse3, sse4.1, sse4.2, popcnt, lzcnt, tsc, tscinvbit, avx, avx2, aes, erms, clmul, bmi1, bmi2, adx, fma, vzeroupper, clflush, clflushopt, hv, rdtscp, f16c
Processor Information for the first 4 processors :
  Max Mhz: 3600, Current Mhz: 3600, Mhz Limit: 3600

Memory: 4k page, system-wide physical 8016M (866M free)
TotalPageFile size 14416M (AvailPageFile size 5752M)
current process WorkingSet (physical memory assigned to process): 27M, peak: 27M
current process commit charge ("private bytes"): 130M, peak: 130M

vm_info: Java HotSpot(TM) 64-Bit Server VM (24.0.1+9-30) for windows-amd64 JRE (24.0.1+9-30), built on 2025-03-05T07:23:45Z with MS VC++ 17.6 (VS2022)

END.
